# JRE version: Java(TM) SE Runtime Environment (8.0_60-b27) (build 1.8.0_60-b27)
# Java VM: Java HotSpot(TM) 64-Bit Server VM (25.60-b23 mixed mode windows-amd64 compressed oops)
Heap:
 PSYoungGen      total 274432K, used 201889K [0x00000000eab00000, 0x0000000100000000, 0x0000000100000000)
  eden space 202752K, 64% used [0x00000000eab00000,0x00000000f2a30160,0x00000000f7100000)
  from space 71680K, 99% used [0x00000000f7100000,0x00000000fb6f8378,0x00000000fb700000)
  to   space 74752K, 0% used [0x00000000fb700000,0x00000000fb700000,0x0000000100000000)
 ParOldGen       total 201728K, used 143334K [0x00000000c0000000, 0x00000000cc500000, 0x00000000eab00000)
  object space 201728K, 71% used [0x00000000c0000000,0x00000000c8bf9ac0,0x00000000cc500000)
 Metaspace       used 6549K, capacity 7256K, committed 7424K, reserved 1056768K
  class space    used 624K, capacity 656K, committed 768K, reserved 1048576K
GC Heap History (10 events):
Event: 20.682 GC heap before
{Heap before GC invocations=7 (full 0):
 PSYoungGen      total 142848K, used 140839K [0x00000000eab00000, 0x00000000f4c00000, 0x0000000100000000)
  eden space 128512K, 100% used [0x00000000eab00000,0x00000000f2880000,0x00000000f2880000)
  from space 14336K, 85% used [0x00000000f3900000,0x00000000f4509d90,0x00000000f4700000)
  to   space 16896K, 0% used [0x00000000f2880000,0x00000000f2880000,0x00000000f3900000)
 ParOldGen       total 44032K, used 20740K [0x00000000c0000000, 0x00000000c2b00000, 0x00000000eab00000)
  object space 44032K, 47% used [0x00000000c0000000,0x00000000c1441238,0x00000000c2b00000)
 Metaspace       used 6535K, capacity 7256K, committed 7424K, reserved 1056768K
  class space    used 623K, capacity 656K, committed 768K, reserved 1048576K
Event: 21.069 GC heap after
Heap after GC invocations=7 (full 0):
 PSYoungGen      total 145408K, used 16867K [0x00000000eab00000, 0x00000000ff600000, 0x0000000100000000)
  eden space 128512K, 0% used [0x00000000eab00000,0x00000000eab00000,0x00000000f2880000)
  from space 16896K, 99% used [0x00000000f2880000,0x00000000f38f8ec0,0x00000000f3900000)
  to   space 40960K, 0% used [0x00000000fce00000,0x00000000fce00000,0x00000000ff600000)
 ParOldGen       total 62464K, used 62027K [0x00000000c0000000, 0x00000000c3d00000, 0x00000000eab00000)
  object space 62464K, 99% used [0x00000000c0000000,0x00000000c3c92f78,0x00000000c3d00000)
 Metaspace       used 6535K, capacity 7256K, committed 7424K, reserved 1056768K
  class space    used 623K, capacity 656K, committed 768K, reserved 1048576K
}
Event: 21.069 GC heap before
{Heap before GC invocations=8 (full 1):
 PSYoungGen      total 145408K, used 16867K [0x00000000eab00000, 0x00000000ff600000, 0x0000000100000000)
  eden space 128512K, 0% used [0x00000000eab00000,0x00000000eab00000,0x00000000f2880000)
  from space 16896K, 99% used [0x00000000f2880000,0x00000000f38f8ec0,0x00000000f3900000)
  to   space 40960K, 0% used [0x00000000fce00000,0x00000000fce00000,0x00000000ff600000)
 ParOldGen       total 62464K, used 62027K [0x00000000c0000000, 0x00000000c3d00000, 0x00000000eab00000)
  object space 62464K, 99% used [0x00000000c0000000,0x00000000c3c92f78,0x00000000c3d00000)
 Metaspace       used 6535K, capacity 7256K, committed 7424K, reserved 1056768K
  class space    used 623K, capacity 656K, committed 768K, reserved 1048576K
Event: 22.366 GC heap after
Heap after GC invocations=8 (full 1):
 PSYoungGen      total 145408K, used 13753K [0x00000000eab00000, 0x00000000ff600000, 0x0000000100000000)
  eden space 128512K, 0% used [0x00000000eab00000,0x00000000eab00000,0x00000000f2880000)
  from space 16896K, 81% used [0x00000000f2880000,0x00000000f35ee7c0,0x00000000f3900000)
  to   space 40960K, 0% used [0x00000000fce00000,0x00000000fce00000,0x00000000ff600000)
 ParOldGen       total 114176K, used 62158K [0x00000000c0000000, 0x00000000c6f80000, 0x00000000eab00000)
  object space 114176K, 54% used [0x00000000c0000000,0x00000000c3cb3930,0x00000000c6f80000)
 Metaspace       used 6535K, capacity 7256K, committed 7424K, reserved 1056768K
  class space    used 623K, capacity 656K, committed 768K, reserved 1048576K
}
Event: 22.484 GC heap before
{Heap before GC invocations=9 (full 1):
 PSYoungGen      total 145408K, used 142265K [0x00000000eab00000, 0x00000000ff600000, 0x0000000100000000)
  eden space 128512K, 100% used [0x00000000eab00000,0x00000000f2880000,0x00000000f2880000)
  from space 16896K, 81% used [0x00000000f2880000,0x00000000f35ee7c0,0x00000000f3900000)
  to   space 40960K, 0% used [0x00000000fce00000,0x00000000fce00000,0x00000000ff600000)
 ParOldGen       total 114176K, used 62158K [0x00000000c0000000, 0x00000000c6f80000, 0x00000000eab00000)
  object space 114176K, 54% used [0x00000000c0000000,0x00000000c3cb3930,0x00000000c6f80000)
 Metaspace       used 6535K, capacity 7256K, committed 7424K, reserved 1056768K
  class space    used 623K, capacity 656K, committed 768K, reserved 1048576K
Event: 22.585 GC heap after
Heap after GC invocations=9 (full 1):
 PSYoungGen      total 243712K, used 40959K [0x00000000eab00000, 0x00000000ffd00000, 0x0000000100000000)
  eden space 202752K, 0% used [0x00000000eab00000,0x00000000eab00000,0x00000000f7100000)
  from space 40960K, 99% used [0x00000000fce00000,0x00000000ff5fff40,0x00000000ff600000)
  to   space 71680K, 0% used [0x00000000f7100000,0x00000000f7100000,0x00000000fb700000)
 ParOldGen       total 114176K, used 113826K [0x00000000c0000000, 0x00000000c6f80000, 0x00000000eab00000)
  object space 114176K, 99% used [0x00000000c0000000,0x00000000c6f28af8,0x00000000c6f80000)
 Metaspace       used 6535K, capacity 7256K, committed 7424K, reserved 1056768K
  class space    used 623K, capacity 656K, committed 768K, reserved 1048576K
}
Event: 22.585 GC heap before
{Heap before GC invocations=10 (full 2):
 PSYoungGen      total 243712K, used 40959K [0x00000000eab00000, 0x00000000ffd00000, 0x0000000100000000)
  eden space 202752K, 0% used [0x00000000eab00000,0x00000000eab00000,0x00000000f7100000)
  from space 40960K, 99% used [0x00000000fce00000,0x00000000ff5fff40,0x00000000ff600000)
  to   space 71680K, 0% used [0x00000000f7100000,0x00000000f7100000,0x00000000fb700000)
 ParOldGen       total 114176K, used 113826K [0x00000000c0000000, 0x00000000c6f80000, 0x00000000eab00000)
  object space 114176K, 99% used [0x00000000c0000000,0x00000000c6f28af8,0x00000000c6f80000)
 Metaspace       used 6535K, capacity 7256K, committed 7424K, reserved 1056768K
  class space    used 623K, capacity 656K, committed 768K, reserved 1048576K
Event: 23.016 GC heap after
Heap after GC invocations=10 (full 2):
 PSYoungGen      total 243712K, used 33128K [0x00000000eab00000, 0x00000000ffd00000, 0x0000000100000000)
  eden space 202752K, 0% used [0x00000000eab00000,0x00000000eab00000,0x00000000f7100000)
  from space 40960K, 80% used [0x00000000fce00000,0x00000000fee5a128,0x00000000ff600000)
  to   space 71680K, 0% used [0x00000000f7100000,0x00000000f7100000,0x00000000fb700000)
 ParOldGen       total 201728K, used 113770K [0x00000000c0000000, 0x00000000cc500000, 0x00000000eab00000)
  object space 201728K, 56% used [0x00000000c0000000,0x00000000c6f1a940,0x00000000cc500000)
 Metaspace       used 6535K, capacity 7256K, committed 7424K, reserved 1056768K
  class space    used 623K, capacity 656K, committed 768K, reserved 1048576K
}
Event: 23.640 GC heap before
{Heap before GC invocations=11 (full 2):
 PSYoungGen      total 243712K, used 235880K [0x00000000eab00000, 0x00000000ffd00000, 0x0000000100000000)
  eden space 202752K, 100% used [0x00000000eab00000,0x00000000f7100000,0x00000000f7100000)
  from space 40960K, 80% used [0x00000000fce00000,0x00000000fee5a128,0x00000000ff600000)
  to   space 71680K, 0% used [0x00000000f7100000,0x00000000f7100000,0x00000000fb700000)
 ParOldGen       total 201728K, used 113770K [0x00000000c0000000, 0x00000000cc500000, 0x00000000eab00000)
  object space 201728K, 56% used [0x00000000c0000000,0x00000000c6f1a940,0x00000000cc500000)
 Metaspace       used 6548K, capacity 7256K, committed 7424K, reserved 1056768K
  class space    used 624K, capacity 656K, committed 768K, reserved 1048576K
Event: 23.740 GC heap after
Heap after GC invocations=11 (full 2):
 PSYoungGen      total 274432K, used 71648K [0x00000000eab00000, 0x0000000100000000, 0x0000000100000000)
  eden space 202752K, 0% used [0x00000000eab00000,0x00000000eab00000,0x00000000f7100000)
  from space 71680K, 99% used [0x00000000f7100000,0x00000000fb6f8378,0x00000000fb700000)
  to   space 74752K, 0% used [0x00000000fb700000,0x00000000fb700000,0x0000000100000000)
 ParOldGen       total 201728K, used 143334K [0x00000000c0000000, 0x00000000cc500000, 0x00000000eab00000)
  object space 201728K, 71% used [0x00000000c0000000,0x00000000c8bf9ac0,0x00000000cc500000)
 Metaspace       used 6548K, capacity 7256K, committed 7424K, reserved 1056768K
  class space    used 624K, capacity 656K, committed 768K, reserved 1048576K
}

